<?xml version="1.0" encoding="UTF-8"?>
<!-- Generated by org.testng.reporters.JUnitReportReporter -->
<testsuite hostname="LAPTOP-MPNITMVL" failures="0" tests="1" name="tests.Logintest" time="8.326" errors="0" timestamp="2024-09-07T00:14:44 IST" skipped="0">
  <testcase classname="tests.Logintest" name="loginpage" time="8.326"/>
  <system-out/>
</testsuite> <!-- tests.Logintest -->
