<?xml version="1.0" encoding="UTF-8"?>
<!-- Generated by org.testng.reporters.JUnitReportReporter -->
<testsuite hostname="LAPTOP-MPNITMVL" failures="0" tests="1" name="tests.RegisterTest" time="22.566" errors="0" timestamp="2024-09-08T15:21:11 IST" skipped="0">
  <testcase classname="tests.RegisterTest" name="registerTest" time="22.566"/>
  <system-out/>
</testsuite> <!-- tests.RegisterTest -->
